<?xml version="1.0" encoding="UTF-8"?>
<!-- Generated by org.testng.reporters.JUnitReportReporter -->
<testsuite hostname="DLLB0419" name="myPractice.Dropdown" tests="1" failures="0" timestamp="29 Apr 2017 17:26:48 GMT" time="13.883" errors="0">
  <testcase name="test" time="13.883" classname="myPractice.Dropdown"/>
</testsuite> <!-- myPractice.Dropdown -->
